INFO:werkzeug:[31m[1mWARNING: This is a development server. Do not use it in a production deployment. Use a production WSGI server instead.[0m
 * Running on all addresses (0.0.0.0)
 * Running on http://127.0.0.1:8000
 * Running on http://192.168.31.226:8000
INFO:werkzeug:[33mPress CTRL+C to quit[0m
INFO:werkzeug:[31m[1mWARNING: This is a development server. Do not use it in a production deployment. Use a production WSGI server instead.[0m
 * Running on all addresses (0.0.0.0)
 * Running on http://127.0.0.1:8000
 * Running on http://192.168.31.226:8000
INFO:werkzeug:[33mPress CTRL+C to quit[0m
ERROR:application:Exception on / [GET]
Traceback (most recent call last):
  File "C:\Users\Shubham\anaconda3\envs\imgscraper\lib\site-packages\flask\app.py", line 2190, in wsgi_app
    response = self.full_dispatch_request()
  File "C:\Users\Shubham\anaconda3\envs\imgscraper\lib\site-packages\flask\app.py", line 1486, in full_dispatch_request
    rv = self.handle_user_exception(e)
  File "C:\Users\Shubham\anaconda3\envs\imgscraper\lib\site-packages\flask\app.py", line 1484, in full_dispatch_request
    rv = self.dispatch_request()
  File "C:\Users\Shubham\anaconda3\envs\imgscraper\lib\site-packages\flask\app.py", line 1469, in dispatch_request
    return self.ensure_sync(self.view_functions[rule.endpoint])(**view_args)
  File "S:\Ineuron project\Image Web scraping\application.py", line 16, in homepage
    return render_template("index.html")
  File "C:\Users\Shubham\anaconda3\envs\imgscraper\lib\site-packages\flask\templating.py", line 150, in render_template
    template = app.jinja_env.get_or_select_template(template_name_or_list)
  File "C:\Users\Shubham\anaconda3\envs\imgscraper\lib\site-packages\jinja2\environment.py", line 1081, in get_or_select_template
    return self.get_template(template_name_or_list, parent, globals)
  File "C:\Users\Shubham\anaconda3\envs\imgscraper\lib\site-packages\jinja2\environment.py", line 1010, in get_template
    return self._load_template(name, globals)
  File "C:\Users\Shubham\anaconda3\envs\imgscraper\lib\site-packages\jinja2\environment.py", line 969, in _load_template
    template = self.loader.load(self, name, self.make_globals(globals))
  File "C:\Users\Shubham\anaconda3\envs\imgscraper\lib\site-packages\jinja2\loaders.py", line 126, in load
    source, filename, uptodate = self.get_source(environment, name)
  File "C:\Users\Shubham\anaconda3\envs\imgscraper\lib\site-packages\flask\templating.py", line 64, in get_source
    return self._get_source_fast(environment, template)
  File "C:\Users\Shubham\anaconda3\envs\imgscraper\lib\site-packages\flask\templating.py", line 98, in _get_source_fast
    raise TemplateNotFound(template)
jinja2.exceptions.TemplateNotFound: index.html
INFO:werkzeug:127.0.0.1 - - [10/Aug/2023 17:31:54] "[35m[1mGET / HTTP/1.1[0m" 500 -
INFO:werkzeug:127.0.0.1 - - [10/Aug/2023 17:31:54] "[33mGET /favicon.ico HTTP/1.1[0m" 404 -
INFO:werkzeug:[31m[1mWARNING: This is a development server. Do not use it in a production deployment. Use a production WSGI server instead.[0m
 * Running on http://127.0.0.1:5000
INFO:werkzeug:[33mPress CTRL+C to quit[0m
ERROR:application:Exception on / [GET]
Traceback (most recent call last):
  File "C:\Users\Shubham\anaconda3\envs\imgscraper\lib\site-packages\flask\app.py", line 2190, in wsgi_app
    response = self.full_dispatch_request()
  File "C:\Users\Shubham\anaconda3\envs\imgscraper\lib\site-packages\flask\app.py", line 1486, in full_dispatch_request
    rv = self.handle_user_exception(e)
  File "C:\Users\Shubham\anaconda3\envs\imgscraper\lib\site-packages\flask\app.py", line 1484, in full_dispatch_request
    rv = self.dispatch_request()
  File "C:\Users\Shubham\anaconda3\envs\imgscraper\lib\site-packages\flask\app.py", line 1469, in dispatch_request
    return self.ensure_sync(self.view_functions[rule.endpoint])(**view_args)
  File "S:\Ineuron project\Image Web scraping\application.py", line 16, in homepage
    return render_template("index.html")
  File "C:\Users\Shubham\anaconda3\envs\imgscraper\lib\site-packages\flask\templating.py", line 150, in render_template
    template = app.jinja_env.get_or_select_template(template_name_or_list)
  File "C:\Users\Shubham\anaconda3\envs\imgscraper\lib\site-packages\jinja2\environment.py", line 1081, in get_or_select_template
    return self.get_template(template_name_or_list, parent, globals)
  File "C:\Users\Shubham\anaconda3\envs\imgscraper\lib\site-packages\jinja2\environment.py", line 1010, in get_template
    return self._load_template(name, globals)
  File "C:\Users\Shubham\anaconda3\envs\imgscraper\lib\site-packages\jinja2\environment.py", line 969, in _load_template
    template = self.loader.load(self, name, self.make_globals(globals))
  File "C:\Users\Shubham\anaconda3\envs\imgscraper\lib\site-packages\jinja2\loaders.py", line 126, in load
    source, filename, uptodate = self.get_source(environment, name)
  File "C:\Users\Shubham\anaconda3\envs\imgscraper\lib\site-packages\flask\templating.py", line 64, in get_source
    return self._get_source_fast(environment, template)
  File "C:\Users\Shubham\anaconda3\envs\imgscraper\lib\site-packages\flask\templating.py", line 98, in _get_source_fast
    raise TemplateNotFound(template)
jinja2.exceptions.TemplateNotFound: index.html
INFO:werkzeug:127.0.0.1 - - [10/Aug/2023 17:32:15] "[35m[1mGET / HTTP/1.1[0m" 500 -
INFO:werkzeug:127.0.0.1 - - [10/Aug/2023 17:32:15] "[33mGET /favicon.ico HTTP/1.1[0m" 404 -
ERROR:application:Exception on / [GET]
Traceback (most recent call last):
  File "C:\Users\Shubham\anaconda3\envs\imgscraper\lib\site-packages\flask\app.py", line 2190, in wsgi_app
    response = self.full_dispatch_request()
  File "C:\Users\Shubham\anaconda3\envs\imgscraper\lib\site-packages\flask\app.py", line 1486, in full_dispatch_request
    rv = self.handle_user_exception(e)
  File "C:\Users\Shubham\anaconda3\envs\imgscraper\lib\site-packages\flask\app.py", line 1484, in full_dispatch_request
    rv = self.dispatch_request()
  File "C:\Users\Shubham\anaconda3\envs\imgscraper\lib\site-packages\flask\app.py", line 1469, in dispatch_request
    return self.ensure_sync(self.view_functions[rule.endpoint])(**view_args)
  File "S:\Ineuron project\Image Web scraping\application.py", line 16, in homepage
    return render_template("index.html")
  File "C:\Users\Shubham\anaconda3\envs\imgscraper\lib\site-packages\flask\templating.py", line 150, in render_template
    template = app.jinja_env.get_or_select_template(template_name_or_list)
  File "C:\Users\Shubham\anaconda3\envs\imgscraper\lib\site-packages\jinja2\environment.py", line 1081, in get_or_select_template
    return self.get_template(template_name_or_list, parent, globals)
  File "C:\Users\Shubham\anaconda3\envs\imgscraper\lib\site-packages\jinja2\environment.py", line 1010, in get_template
    return self._load_template(name, globals)
  File "C:\Users\Shubham\anaconda3\envs\imgscraper\lib\site-packages\jinja2\environment.py", line 969, in _load_template
    template = self.loader.load(self, name, self.make_globals(globals))
  File "C:\Users\Shubham\anaconda3\envs\imgscraper\lib\site-packages\jinja2\loaders.py", line 126, in load
    source, filename, uptodate = self.get_source(environment, name)
  File "C:\Users\Shubham\anaconda3\envs\imgscraper\lib\site-packages\flask\templating.py", line 64, in get_source
    return self._get_source_fast(environment, template)
  File "C:\Users\Shubham\anaconda3\envs\imgscraper\lib\site-packages\flask\templating.py", line 98, in _get_source_fast
    raise TemplateNotFound(template)
jinja2.exceptions.TemplateNotFound: index.html
INFO:werkzeug:127.0.0.1 - - [10/Aug/2023 17:32:25] "[35m[1mGET / HTTP/1.1[0m" 500 -
INFO:werkzeug:[31m[1mWARNING: This is a development server. Do not use it in a production deployment. Use a production WSGI server instead.[0m
 * Running on http://127.0.0.1:5000
INFO:werkzeug:[33mPress CTRL+C to quit[0m
ERROR:app:Exception on / [GET]
Traceback (most recent call last):
  File "C:\Users\Shubham\anaconda3\envs\imgscraper\lib\site-packages\flask\app.py", line 2190, in wsgi_app
    response = self.full_dispatch_request()
  File "C:\Users\Shubham\anaconda3\envs\imgscraper\lib\site-packages\flask\app.py", line 1486, in full_dispatch_request
    rv = self.handle_user_exception(e)
  File "C:\Users\Shubham\anaconda3\envs\imgscraper\lib\site-packages\flask\app.py", line 1484, in full_dispatch_request
    rv = self.dispatch_request()
  File "C:\Users\Shubham\anaconda3\envs\imgscraper\lib\site-packages\flask\app.py", line 1469, in dispatch_request
    return self.ensure_sync(self.view_functions[rule.endpoint])(**view_args)
  File "S:\Ineuron project\Image Web scraping\app.py", line 16, in homepage
    return render_template("index.html")
  File "C:\Users\Shubham\anaconda3\envs\imgscraper\lib\site-packages\flask\templating.py", line 150, in render_template
    template = app.jinja_env.get_or_select_template(template_name_or_list)
  File "C:\Users\Shubham\anaconda3\envs\imgscraper\lib\site-packages\jinja2\environment.py", line 1081, in get_or_select_template
    return self.get_template(template_name_or_list, parent, globals)
  File "C:\Users\Shubham\anaconda3\envs\imgscraper\lib\site-packages\jinja2\environment.py", line 1010, in get_template
    return self._load_template(name, globals)
  File "C:\Users\Shubham\anaconda3\envs\imgscraper\lib\site-packages\jinja2\environment.py", line 969, in _load_template
    template = self.loader.load(self, name, self.make_globals(globals))
  File "C:\Users\Shubham\anaconda3\envs\imgscraper\lib\site-packages\jinja2\loaders.py", line 126, in load
    source, filename, uptodate = self.get_source(environment, name)
  File "C:\Users\Shubham\anaconda3\envs\imgscraper\lib\site-packages\flask\templating.py", line 64, in get_source
    return self._get_source_fast(environment, template)
  File "C:\Users\Shubham\anaconda3\envs\imgscraper\lib\site-packages\flask\templating.py", line 98, in _get_source_fast
    raise TemplateNotFound(template)
jinja2.exceptions.TemplateNotFound: index.html
INFO:werkzeug:127.0.0.1 - - [10/Aug/2023 17:33:23] "[35m[1mGET / HTTP/1.1[0m" 500 -
ERROR:app:Exception on / [GET]
Traceback (most recent call last):
  File "C:\Users\Shubham\anaconda3\envs\imgscraper\lib\site-packages\flask\app.py", line 2190, in wsgi_app
    response = self.full_dispatch_request()
  File "C:\Users\Shubham\anaconda3\envs\imgscraper\lib\site-packages\flask\app.py", line 1486, in full_dispatch_request
    rv = self.handle_user_exception(e)
  File "C:\Users\Shubham\anaconda3\envs\imgscraper\lib\site-packages\flask\app.py", line 1484, in full_dispatch_request
    rv = self.dispatch_request()
  File "C:\Users\Shubham\anaconda3\envs\imgscraper\lib\site-packages\flask\app.py", line 1469, in dispatch_request
    return self.ensure_sync(self.view_functions[rule.endpoint])(**view_args)
  File "S:\Ineuron project\Image Web scraping\app.py", line 16, in homepage
    return render_template("index.html")
  File "C:\Users\Shubham\anaconda3\envs\imgscraper\lib\site-packages\flask\templating.py", line 150, in render_template
    template = app.jinja_env.get_or_select_template(template_name_or_list)
  File "C:\Users\Shubham\anaconda3\envs\imgscraper\lib\site-packages\jinja2\environment.py", line 1081, in get_or_select_template
    return self.get_template(template_name_or_list, parent, globals)
  File "C:\Users\Shubham\anaconda3\envs\imgscraper\lib\site-packages\jinja2\environment.py", line 1010, in get_template
    return self._load_template(name, globals)
  File "C:\Users\Shubham\anaconda3\envs\imgscraper\lib\site-packages\jinja2\environment.py", line 969, in _load_template
    template = self.loader.load(self, name, self.make_globals(globals))
  File "C:\Users\Shubham\anaconda3\envs\imgscraper\lib\site-packages\jinja2\loaders.py", line 126, in load
    source, filename, uptodate = self.get_source(environment, name)
  File "C:\Users\Shubham\anaconda3\envs\imgscraper\lib\site-packages\flask\templating.py", line 64, in get_source
    return self._get_source_fast(environment, template)
  File "C:\Users\Shubham\anaconda3\envs\imgscraper\lib\site-packages\flask\templating.py", line 98, in _get_source_fast
    raise TemplateNotFound(template)
jinja2.exceptions.TemplateNotFound: index.html
INFO:werkzeug:127.0.0.1 - - [10/Aug/2023 17:33:24] "[35m[1mGET / HTTP/1.1[0m" 500 -
ERROR:app:Exception on / [GET]
Traceback (most recent call last):
  File "C:\Users\Shubham\anaconda3\envs\imgscraper\lib\site-packages\flask\app.py", line 2190, in wsgi_app
    response = self.full_dispatch_request()
  File "C:\Users\Shubham\anaconda3\envs\imgscraper\lib\site-packages\flask\app.py", line 1486, in full_dispatch_request
    rv = self.handle_user_exception(e)
  File "C:\Users\Shubham\anaconda3\envs\imgscraper\lib\site-packages\flask\app.py", line 1484, in full_dispatch_request
    rv = self.dispatch_request()
  File "C:\Users\Shubham\anaconda3\envs\imgscraper\lib\site-packages\flask\app.py", line 1469, in dispatch_request
    return self.ensure_sync(self.view_functions[rule.endpoint])(**view_args)
  File "S:\Ineuron project\Image Web scraping\app.py", line 16, in homepage
    return render_template("index.html")
  File "C:\Users\Shubham\anaconda3\envs\imgscraper\lib\site-packages\flask\templating.py", line 150, in render_template
    template = app.jinja_env.get_or_select_template(template_name_or_list)
  File "C:\Users\Shubham\anaconda3\envs\imgscraper\lib\site-packages\jinja2\environment.py", line 1081, in get_or_select_template
    return self.get_template(template_name_or_list, parent, globals)
  File "C:\Users\Shubham\anaconda3\envs\imgscraper\lib\site-packages\jinja2\environment.py", line 1010, in get_template
    return self._load_template(name, globals)
  File "C:\Users\Shubham\anaconda3\envs\imgscraper\lib\site-packages\jinja2\environment.py", line 969, in _load_template
    template = self.loader.load(self, name, self.make_globals(globals))
  File "C:\Users\Shubham\anaconda3\envs\imgscraper\lib\site-packages\jinja2\loaders.py", line 126, in load
    source, filename, uptodate = self.get_source(environment, name)
  File "C:\Users\Shubham\anaconda3\envs\imgscraper\lib\site-packages\flask\templating.py", line 64, in get_source
    return self._get_source_fast(environment, template)
  File "C:\Users\Shubham\anaconda3\envs\imgscraper\lib\site-packages\flask\templating.py", line 98, in _get_source_fast
    raise TemplateNotFound(template)
jinja2.exceptions.TemplateNotFound: index.html
INFO:werkzeug:127.0.0.1 - - [10/Aug/2023 17:33:24] "[35m[1mGET / HTTP/1.1[0m" 500 -
ERROR:app:Exception on / [GET]
Traceback (most recent call last):
  File "C:\Users\Shubham\anaconda3\envs\imgscraper\lib\site-packages\flask\app.py", line 2190, in wsgi_app
    response = self.full_dispatch_request()
  File "C:\Users\Shubham\anaconda3\envs\imgscraper\lib\site-packages\flask\app.py", line 1486, in full_dispatch_request
    rv = self.handle_user_exception(e)
  File "C:\Users\Shubham\anaconda3\envs\imgscraper\lib\site-packages\flask\app.py", line 1484, in full_dispatch_request
    rv = self.dispatch_request()
  File "C:\Users\Shubham\anaconda3\envs\imgscraper\lib\site-packages\flask\app.py", line 1469, in dispatch_request
    return self.ensure_sync(self.view_functions[rule.endpoint])(**view_args)
  File "S:\Ineuron project\Image Web scraping\app.py", line 16, in homepage
    return render_template("index.html")
  File "C:\Users\Shubham\anaconda3\envs\imgscraper\lib\site-packages\flask\templating.py", line 150, in render_template
    template = app.jinja_env.get_or_select_template(template_name_or_list)
  File "C:\Users\Shubham\anaconda3\envs\imgscraper\lib\site-packages\jinja2\environment.py", line 1081, in get_or_select_template
    return self.get_template(template_name_or_list, parent, globals)
  File "C:\Users\Shubham\anaconda3\envs\imgscraper\lib\site-packages\jinja2\environment.py", line 1010, in get_template
    return self._load_template(name, globals)
  File "C:\Users\Shubham\anaconda3\envs\imgscraper\lib\site-packages\jinja2\environment.py", line 969, in _load_template
    template = self.loader.load(self, name, self.make_globals(globals))
  File "C:\Users\Shubham\anaconda3\envs\imgscraper\lib\site-packages\jinja2\loaders.py", line 126, in load
    source, filename, uptodate = self.get_source(environment, name)
  File "C:\Users\Shubham\anaconda3\envs\imgscraper\lib\site-packages\flask\templating.py", line 64, in get_source
    return self._get_source_fast(environment, template)
  File "C:\Users\Shubham\anaconda3\envs\imgscraper\lib\site-packages\flask\templating.py", line 98, in _get_source_fast
    raise TemplateNotFound(template)
jinja2.exceptions.TemplateNotFound: index.html
INFO:werkzeug:127.0.0.1 - - [10/Aug/2023 17:33:26] "[35m[1mGET / HTTP/1.1[0m" 500 -
ERROR:app:Exception on / [GET]
Traceback (most recent call last):
  File "C:\Users\Shubham\anaconda3\envs\imgscraper\lib\site-packages\flask\app.py", line 2190, in wsgi_app
    response = self.full_dispatch_request()
  File "C:\Users\Shubham\anaconda3\envs\imgscraper\lib\site-packages\flask\app.py", line 1486, in full_dispatch_request
    rv = self.handle_user_exception(e)
  File "C:\Users\Shubham\anaconda3\envs\imgscraper\lib\site-packages\flask\app.py", line 1484, in full_dispatch_request
    rv = self.dispatch_request()
  File "C:\Users\Shubham\anaconda3\envs\imgscraper\lib\site-packages\flask\app.py", line 1469, in dispatch_request
    return self.ensure_sync(self.view_functions[rule.endpoint])(**view_args)
  File "S:\Ineuron project\Image Web scraping\app.py", line 16, in homepage
    return render_template("index.html")
  File "C:\Users\Shubham\anaconda3\envs\imgscraper\lib\site-packages\flask\templating.py", line 150, in render_template
    template = app.jinja_env.get_or_select_template(template_name_or_list)
  File "C:\Users\Shubham\anaconda3\envs\imgscraper\lib\site-packages\jinja2\environment.py", line 1081, in get_or_select_template
    return self.get_template(template_name_or_list, parent, globals)
  File "C:\Users\Shubham\anaconda3\envs\imgscraper\lib\site-packages\jinja2\environment.py", line 1010, in get_template
    return self._load_template(name, globals)
  File "C:\Users\Shubham\anaconda3\envs\imgscraper\lib\site-packages\jinja2\environment.py", line 969, in _load_template
    template = self.loader.load(self, name, self.make_globals(globals))
  File "C:\Users\Shubham\anaconda3\envs\imgscraper\lib\site-packages\jinja2\loaders.py", line 126, in load
    source, filename, uptodate = self.get_source(environment, name)
  File "C:\Users\Shubham\anaconda3\envs\imgscraper\lib\site-packages\flask\templating.py", line 64, in get_source
    return self._get_source_fast(environment, template)
  File "C:\Users\Shubham\anaconda3\envs\imgscraper\lib\site-packages\flask\templating.py", line 98, in _get_source_fast
    raise TemplateNotFound(template)
jinja2.exceptions.TemplateNotFound: index.html
INFO:werkzeug:127.0.0.1 - - [10/Aug/2023 17:33:51] "[35m[1mGET / HTTP/1.1[0m" 500 -
INFO:werkzeug:[31m[1mWARNING: This is a development server. Do not use it in a production deployment. Use a production WSGI server instead.[0m
 * Running on http://127.0.0.1:5000
INFO:werkzeug:[33mPress CTRL+C to quit[0m
ERROR:app:Exception on / [GET]
Traceback (most recent call last):
  File "C:\Users\Shubham\anaconda3\envs\imgscraper\lib\site-packages\flask\app.py", line 2190, in wsgi_app
    response = self.full_dispatch_request()
  File "C:\Users\Shubham\anaconda3\envs\imgscraper\lib\site-packages\flask\app.py", line 1486, in full_dispatch_request
    rv = self.handle_user_exception(e)
  File "C:\Users\Shubham\anaconda3\envs\imgscraper\lib\site-packages\flask\app.py", line 1484, in full_dispatch_request
    rv = self.dispatch_request()
  File "C:\Users\Shubham\anaconda3\envs\imgscraper\lib\site-packages\flask\app.py", line 1469, in dispatch_request
    return self.ensure_sync(self.view_functions[rule.endpoint])(**view_args)
  File "S:\Ineuron project\Image Web scraping\app.py", line 16, in homepage
    return render_template("index.html")
  File "C:\Users\Shubham\anaconda3\envs\imgscraper\lib\site-packages\flask\templating.py", line 150, in render_template
    template = app.jinja_env.get_or_select_template(template_name_or_list)
  File "C:\Users\Shubham\anaconda3\envs\imgscraper\lib\site-packages\jinja2\environment.py", line 1081, in get_or_select_template
    return self.get_template(template_name_or_list, parent, globals)
  File "C:\Users\Shubham\anaconda3\envs\imgscraper\lib\site-packages\jinja2\environment.py", line 1010, in get_template
    return self._load_template(name, globals)
  File "C:\Users\Shubham\anaconda3\envs\imgscraper\lib\site-packages\jinja2\environment.py", line 969, in _load_template
    template = self.loader.load(self, name, self.make_globals(globals))
  File "C:\Users\Shubham\anaconda3\envs\imgscraper\lib\site-packages\jinja2\loaders.py", line 126, in load
    source, filename, uptodate = self.get_source(environment, name)
  File "C:\Users\Shubham\anaconda3\envs\imgscraper\lib\site-packages\flask\templating.py", line 64, in get_source
    return self._get_source_fast(environment, template)
  File "C:\Users\Shubham\anaconda3\envs\imgscraper\lib\site-packages\flask\templating.py", line 98, in _get_source_fast
    raise TemplateNotFound(template)
jinja2.exceptions.TemplateNotFound: index.html
INFO:werkzeug:127.0.0.1 - - [10/Aug/2023 17:36:09] "[35m[1mGET / HTTP/1.1[0m" 500 -
INFO:werkzeug:[31m[1mWARNING: This is a development server. Do not use it in a production deployment. Use a production WSGI server instead.[0m
 * Running on http://127.0.0.1:5000
INFO:werkzeug:[33mPress CTRL+C to quit[0m
INFO:werkzeug:127.0.0.1 - - [10/Aug/2023 17:38:42] "GET / HTTP/1.1" 200 -
INFO:werkzeug:127.0.0.1 - - [10/Aug/2023 17:38:43] "GET /static/css/main.css HTTP/1.1" 200 -
INFO:werkzeug:127.0.0.1 - - [10/Aug/2023 17:38:43] "GET /static/css/style.css HTTP/1.1" 200 -
INFO:werkzeug:127.0.0.1 - - [10/Aug/2023 17:38:43] "[33mGET /favicon.ico HTTP/1.1[0m" 404 -
INFO:werkzeug:127.0.0.1 - - [10/Aug/2023 17:38:43] "[33mGET /favicon.ico HTTP/1.1[0m" 404 -
INFO:werkzeug:127.0.0.1 - - [10/Aug/2023 17:39:04] "POST /review HTTP/1.1" 200 -
INFO:werkzeug:[31m[1mWARNING: This is a development server. Do not use it in a production deployment. Use a production WSGI server instead.[0m
 * Running on http://127.0.0.1:5000
INFO:werkzeug:[33mPress CTRL+C to quit[0m
INFO:werkzeug:127.0.0.1 - - [11/Aug/2023 16:02:37] "[33mGET /Index HTTP/1.1[0m" 404 -
INFO:werkzeug:127.0.0.1 - - [11/Aug/2023 16:02:38] "[33mGET /favicon.ico HTTP/1.1[0m" 404 -
INFO:werkzeug:127.0.0.1 - - [11/Aug/2023 16:02:42] "GET / HTTP/1.1" 200 -
INFO:werkzeug:127.0.0.1 - - [11/Aug/2023 16:02:42] "GET /static/css/main.css HTTP/1.1" 200 -
INFO:werkzeug:127.0.0.1 - - [11/Aug/2023 16:02:42] "GET /static/css/style.css HTTP/1.1" 200 -
INFO:werkzeug:127.0.0.1 - - [11/Aug/2023 16:02:42] "[33mGET /favicon.ico HTTP/1.1[0m" 404 -
INFO:werkzeug:127.0.0.1 - - [11/Aug/2023 16:02:42] "[33mGET /favicon.ico HTTP/1.1[0m" 404 -
INFO:werkzeug:127.0.0.1 - - [11/Aug/2023 16:03:08] "POST /review HTTP/1.1" 200 -
INFO:werkzeug:127.0.0.1 - - [11/Aug/2023 16:16:59] "GET / HTTP/1.1" 200 -
INFO:werkzeug:127.0.0.1 - - [11/Aug/2023 16:16:59] "GET /static/css/main.css HTTP/1.1" 200 -
INFO:werkzeug:127.0.0.1 - - [11/Aug/2023 16:16:59] "GET /static/css/style.css HTTP/1.1" 200 -
INFO:werkzeug:127.0.0.1 - - [11/Aug/2023 16:17:01] "[33mGET /favicon.ico HTTP/1.1[0m" 404 -
INFO:werkzeug:127.0.0.1 - - [11/Aug/2023 16:17:39] "POST /review HTTP/1.1" 200 -
INFO:werkzeug:[31m[1mWARNING: This is a development server. Do not use it in a production deployment. Use a production WSGI server instead.[0m
 * Running on http://127.0.0.1:5000
INFO:werkzeug:[33mPress CTRL+C to quit[0m
